2025-03-19T18:37:55.379-05:00  INFO 17588 --- [StudentmanagementApplication] [restartedMain] c.f.s.StudentmanagementApplication       : Starting StudentmanagementApplication using Java 17.0.12 with PID 17588 (C:\Users\JDBARONA\Documents\InstitucionEducativa\studentmanagement\target\classes started by JDBARONA in C:\Users\JDBARONA\Documents\InstitucionEducativa\studentmanagement)
2025-03-19T18:37:55.383-05:00 DEBUG 17588 --- [StudentmanagementApplication] [restartedMain] c.f.s.StudentmanagementApplication       : Running with Spring Boot v3.4.3, Spring v6.2.0
2025-03-19T18:37:55.386-05:00  INFO 17588 --- [StudentmanagementApplication] [restartedMain] c.f.s.StudentmanagementApplication       : No active profile set, falling back to 1 default profile: "default"
2025-03-19T18:37:55.508-05:00  INFO 17588 --- [StudentmanagementApplication] [restartedMain] .e.DevToolsPropertyDefaultsPostProcessor : Devtools property defaults active! Set 'spring.devtools.add-properties' to 'false' to disable
2025-03-19T18:37:55.509-05:00  INFO 17588 --- [StudentmanagementApplication] [restartedMain] .e.DevToolsPropertyDefaultsPostProcessor : For additional web related logging consider setting the 'logging.level.web' property to 'DEBUG'
2025-03-19T18:37:56.759-05:00  INFO 17588 --- [StudentmanagementApplication] [restartedMain] .s.d.r.c.RepositoryConfigurationDelegate : Bootstrapping Spring Data JPA repositories in DEFAULT mode.
2025-03-19T18:37:56.806-05:00  INFO 17588 --- [StudentmanagementApplication] [restartedMain] .s.d.r.c.RepositoryConfigurationDelegate : Finished Spring Data repository scanning in 28 ms. Found 0 JPA repository interfaces.
2025-03-19T18:37:57.921-05:00  INFO 17588 --- [StudentmanagementApplication] [restartedMain] o.s.b.w.embedded.tomcat.TomcatWebServer  : Tomcat initialized with port 8088 (http)
2025-03-19T18:37:57.941-05:00  INFO 17588 --- [StudentmanagementApplication] [restartedMain] o.apache.catalina.core.StandardService   : Starting service [Tomcat]
2025-03-19T18:37:57.942-05:00  INFO 17588 --- [StudentmanagementApplication] [restartedMain] o.apache.catalina.core.StandardEngine    : Starting Servlet engine: [Apache Tomcat/10.1.36]
2025-03-19T18:37:58.041-05:00  INFO 17588 --- [StudentmanagementApplication] [restartedMain] o.a.c.c.C.[Tomcat].[localhost].[/]       : Initializing Spring embedded WebApplicationContext
2025-03-19T18:37:58.042-05:00  INFO 17588 --- [StudentmanagementApplication] [restartedMain] w.s.c.ServletWebServerApplicationContext : Root WebApplicationContext: initialization completed in 2532 ms
2025-03-19T18:37:58.178-05:00  INFO 17588 --- [StudentmanagementApplication] [restartedMain] org.omnifaces.ApplicationInitializer     : Using OmniFaces version 4.5.1
2025-03-19T18:38:01.092-05:00  INFO 17588 --- [StudentmanagementApplication] [restartedMain] vletContainerInitializerRegistrationBean : Resolving classes for com.sun.faces.config.FacesInitializer took 2.7556359s
2025-03-19T18:38:02.444-05:00  INFO 17588 --- [StudentmanagementApplication] [restartedMain] vletContainerInitializerRegistrationBean : Resolving classes for com.sun.faces.config.FacesInitializer2 took 1.329862s
2025-03-19T18:38:02.444-05:00  INFO 17588 --- [StudentmanagementApplication] [restartedMain] vletContainerInitializerRegistrationBean : org.jboss.weld.environment.servlet.archive.isolation has already been set to false
2025-03-19T18:38:02.457-05:00  INFO 17588 --- [StudentmanagementApplication] [restartedMain] o.j.weld.environment.servletWeldServlet  : WELD-ENV-001008: Initialize Weld using ServletContainerInitializer
2025-03-19T18:38:02.472-05:00  INFO 17588 --- [StudentmanagementApplication] [restartedMain] org.jboss.weld.Version                   : WELD-000900: 5.1.3 (Final)
2025-03-19T18:38:03.442-05:00  INFO 17588 --- [StudentmanagementApplication] [restartedMain] o.s.d.j.r.cdi.JpaRepositoryExtension     : Activating CDI extension for Spring Data JPA repositories
2025-03-19T18:38:03.541-05:00  INFO 17588 --- [StudentmanagementApplication] [restartedMain] org.jboss.weld.Bootstrap                 : WELD-ENV-000041: Using org.joinfaces.weld.ClassGraphDiscoveryStrategy@1d66081c for bean discovery
2025-03-19T18:38:04.869-05:00  INFO 17588 --- [StudentmanagementApplication] [restartedMain] o.j.weld.ClassGraphDiscoveryStrategy     : Weld bean discovery took 872ms
2025-03-19T18:38:05.700-05:00  INFO 17588 --- [StudentmanagementApplication] [restartedMain] org.jboss.weld.Bootstrap                 : WELD-000101: Transactional services not available. Injection of @Inject UserTransaction not available. Transactional observers will be invoked synchronously.
2025-03-19T18:38:06.777-05:00  INFO 17588 --- [StudentmanagementApplication] [restartedMain] org.jboss.weld.Event                     : WELD-000411: Observer method [BackedAnnotatedMethod] protected org.springframework.data.repository.cdi.CdiRepositoryExtensionSupport.processAnnotatedType(@Observes ProcessAnnotatedType<X>) receives events for all annotated types. Consider restricting events using @WithAnnotations or a generic type with bounds.
2025-03-19T18:38:07.291-05:00  INFO 17588 --- [StudentmanagementApplication] [weld-worker-2] org.jboss.weld.Bootstrap                 : WELD-000119: Not generating any bean definitions from org.omnifaces.cdi.param.ParamProducer because of underlying class loading error: Type jakarta.validation.ConstraintViolation not found.  If this is unexpected, enable DEBUG logging to see the full error.
2025-03-19T18:38:07.422-05:00  INFO 17588 --- [StudentmanagementApplication] [restartedMain] o.j.weld.environment.servletWeldServlet  : WELD-ENV-001002: Container detection skipped - custom container class loaded: org.joinfaces.weld.NoopContainer.
2025-03-19T18:38:07.929-05:00  INFO 17588 --- [StudentmanagementApplication] [restartedMain] j.e.resource.webcontainer.faces.config   : Inicializando Mojarra 4.0.9 para el contexto ''
2025-03-19T18:38:08.018-05:00  INFO 17588 --- [StudentmanagementApplication] [restartedMain] j.e.r.webcontainer.faces.application     : JSF1048: hay presentes anotaciones PostConstruct/PreDestroy.  Los métodos de beans administrados marcados con estas anotaciones procesarán dichas anotaciones.
2025-03-19T18:38:08.588-05:00  INFO 17588 --- [StudentmanagementApplication] [restartedMain] .w.PostConstructApplicationEventListener : Running on PrimeFaces 13.0.0
2025-03-19T18:38:08.648-05:00  WARN 17588 --- [StudentmanagementApplication] [restartedMain] o.a.c.c.C.[Tomcat].[localhost].[/]       : Cannot deserialize session attribute [com.sun.faces.application.view.activeViewMaps] for session [10D7193E9140FC3FB908DBA23712223D]
2025-03-19T18:38:08.680-05:00  INFO 17588 --- [StudentmanagementApplication] [restartedMain] com.zaxxer.hikari.HikariDataSource       : HikariPool-1 - Starting...
2025-03-19T18:38:08.885-05:00  INFO 17588 --- [StudentmanagementApplication] [restartedMain] com.zaxxer.hikari.pool.HikariPool        : HikariPool-1 - Added connection org.postgresql.jdbc.PgConnection@339645af
2025-03-19T18:38:08.887-05:00  INFO 17588 --- [StudentmanagementApplication] [restartedMain] com.zaxxer.hikari.HikariDataSource       : HikariPool-1 - Start completed.
2025-03-19T18:38:09.001-05:00  INFO 17588 --- [StudentmanagementApplication] [restartedMain] o.hibernate.jpa.internal.util.LogHelper  : HHH000204: Processing PersistenceUnitInfo [name: default]
2025-03-19T18:38:09.065-05:00  INFO 17588 --- [StudentmanagementApplication] [restartedMain] org.hibernate.Version                    : HHH000412: Hibernate ORM core version 6.6.8.Final
2025-03-19T18:38:09.115-05:00  INFO 17588 --- [StudentmanagementApplication] [restartedMain] o.h.c.internal.RegionFactoryInitiator    : HHH000026: Second-level cache disabled
2025-03-19T18:38:09.481-05:00  INFO 17588 --- [StudentmanagementApplication] [restartedMain] o.s.o.j.p.SpringPersistenceUnitInfo      : No LoadTimeWeaver setup: ignoring JPA class transformer
2025-03-19T18:38:09.585-05:00  INFO 17588 --- [StudentmanagementApplication] [restartedMain] org.hibernate.orm.connections.pooling    : HHH10001005: Database info:
	Database JDBC URL [Connecting through datasource 'HikariDataSource (HikariPool-1)']
	Database driver: undefined/unknown
	Database version: 17.2
	Autocommit mode: undefined/unknown
	Isolation level: undefined/unknown
	Minimum pool size: undefined/unknown
	Maximum pool size: undefined/unknown
2025-03-19T18:38:09.966-05:00  INFO 17588 --- [StudentmanagementApplication] [restartedMain] o.h.e.t.j.p.i.JtaPlatformInitiator       : HHH000489: No JTA platform available (set 'hibernate.transaction.jta.platform' to enable JTA platform integration)
2025-03-19T18:38:09.973-05:00  INFO 17588 --- [StudentmanagementApplication] [restartedMain] j.LocalContainerEntityManagerFactoryBean : Initialized JPA EntityManagerFactory for persistence unit 'default'
2025-03-19T18:38:10.626-05:00  INFO 17588 --- [StudentmanagementApplication] [restartedMain] o.s.b.d.a.OptionalLiveReloadServer       : LiveReload server is running on port 35729
2025-03-19T18:38:10.663-05:00  INFO 17588 --- [StudentmanagementApplication] [restartedMain] o.s.b.w.embedded.tomcat.TomcatWebServer  : Tomcat started on port 8088 (http) with context path '/'
2025-03-19T18:38:10.675-05:00  INFO 17588 --- [StudentmanagementApplication] [restartedMain] c.f.s.StudentmanagementApplication       : Started StudentmanagementApplication in 16.088 seconds (process running for 16.793)
2025-03-19T18:47:52.869-05:00  INFO 17588 --- [StudentmanagementApplication] [http-nio-8088-exec-4] c.f.s.r.EstudianteRepositoryImplement    : Estudiante agregado correctamente: Estudiante{id_estudiante=null, nombre='cristina marina ', apellido='landana borena', pais='Panamá', email='landana.cristina.@FastTrack.com.pa'}
2025-03-19T18:48:14.447-05:00  INFO 17588 --- [StudentmanagementApplication] [SpringApplicationShutdownHook] o.s.b.w.e.tomcat.GracefulShutdown        : Commencing graceful shutdown. Waiting for active requests to complete
2025-03-19T18:48:14.737-05:00  INFO 17588 --- [StudentmanagementApplication] [tomcat-shutdown] o.s.b.w.e.tomcat.GracefulShutdown        : Graceful shutdown complete
2025-03-19T18:48:14.744-05:00  INFO 17588 --- [StudentmanagementApplication] [SpringApplicationShutdownHook] j.LocalContainerEntityManagerFactoryBean : Closing JPA EntityManagerFactory for persistence unit 'default'
2025-03-19T18:48:14.748-05:00  INFO 17588 --- [StudentmanagementApplication] [SpringApplicationShutdownHook] com.zaxxer.hikari.HikariDataSource       : HikariPool-1 - Shutdown initiated...
2025-03-19T18:48:14.760-05:00  INFO 17588 --- [StudentmanagementApplication] [SpringApplicationShutdownHook] com.zaxxer.hikari.HikariDataSource       : HikariPool-1 - Shutdown completed.
